# This file uses pipe-separated fields
c | . | | transcript.md | | | | |
c | bin | | numpy-1.26-reinst.sh | | | | |
c | bin/shinclude | | init_env.sh | | | | |
c | docs/shdoc/bin/shinclude | | init_env_sh.md | | | | |
c | modules | | requirements-stdt.txt | | | | |
d |  |  | bin | 755 |  |  | 1312 | 
d |  |  | conf | 755 |  |  | 352 | 
d |  |  | docs | 755 |  |  | 672 | 
d |  |  | modules | 755 |  |  | 96 | 
d | bin | bin | shinclude | 755 |  |  | 384 | 
d | docs | docs | shdoc | 755 |  |  | 192 | 
d | docs/shdoc | docs/shdoc | bin | 755 |  |  | 128 | 
d | docs/shdoc/bin | docs/shdoc/bin | shinclude | 755 |  |  | 480 | 
d | docs/shdoc/bin/shinclude | docs/shdoc/bin/shinclude | functions | 755 |  |  | 2528 | 
d | docs/shdoc/bin/shinclude | docs/shdoc/bin/shinclude | scripts | 755 |  |  | 384 | 
f |  |  | LICENSE | 644 |  |  | 11362 | fbb090d446bc51f5b8611e8c59bddf5447f155e2
f |  |  | README.md | 644 |  |  | 18077 | c440482c34afd34753250c3ca52a97946cf62b1a
f |  |  | manifest.lst | 644 |  |  | 23103 | 7c48645dffd33b46937deb229c550451d5d87873
f |  |  | requirements-build.txt | 644 |  |  | 185 | 5befca95d85d0ff6665950e90a120accc77f2dd4
f |  |  | requirements.txt | 644 |  |  | 82 | 7ce33b2cefe2dafe0ec69a943e5321206c8b3697
f |  |  | setup.cf | 644 |  |  | 985 | cb71a80732c5a5992f9f5b9919387bf9612f9144
f |  |  | setup.sh | 755 |  |  | 20121 | 98e8c1ab2ccc2c7698e907cfe1a633e9c477fe7d
f | bin | bin | buildvenvs | 755 |  |  | 15033 | f6b06def5460f5a76d338bc3f0e37482b963b0f6
f | bin | bin | chunkfile.py | 755 |  |  | 9656 | a47edafccbf88d398f7d5a25f87b2c2713767aab
f | bin | bin | compare_test | 755 |  |  | 1446 | 2af66cb27d06860e6cfe78574b80aea07a30e322
f | bin | bin | extract_chat.py | 755 |  |  | 32669 | bbbf6afa034799472a6884b0106cd805ec66c0a3
f | bin | bin | filetree.py | 755 |  |  | 12422 | af3965837e85ca485c91e55f366fd0c34810b307
f | bin | bin | filter-vm_stat | 755 |  |  | 2606 | 7eccba1613a50f1be68e3bb026328766a349ef61
f | bin | bin | generate_manifest.sh | 755 |  |  | 6718 | 62b5e8a545a8df4060fb22170ccbae9a8d9eeb70
f | bin | bin | genmd | 755 |  |  | 48543 | 276014debab2e7eea1514c76df7eedb1a443a5c4
f | bin | bin | ld | 755 |  |  | 2697 | 61e28d8e54ae13b00d6c8f7e0cb4e01bc768b798
f | bin | bin | numpy-comp.sh | 755 |  |  | 1760 | dc90c4c300f335c5b28ee96d93d53609f054bee1
f | bin | bin | numpy_torture.py | 755 |  |  | 5006 | b74789f9f4739141bae59d35b7ea1e210ff65b12
f | bin | bin | numpybench | 755 |  |  | 3937 | ff389a083a1ce3fa2ff1f48bbd206bd178991ed5
f | bin | bin | numpyprof | 755 |  |  | 1579 | fe821ae6a607ff116a9ae9f9abc8483125cdfcac
f | bin | bin | numpytime | 755 |  |  | 1423 | 14349c95f754bc9260a2bf6d4a84b1b6f1126336
f | bin | bin | purgevenv | 755 |  |  | 917 | 7203a065dc5ed9fae2581f4debfaf76b4c411fbd
f | bin | bin | rename-chat.py | 755 |  |  | 6661 | 52366026c60ba56ebb31d202e5cc3915648ddee9
f | bin | bin | runbench | 755 |  |  | 777 | b24f94142dbbbcb1fd0c8f6b5ccf82b72d8dbcee
f | bin | bin | stressgpu | 755 |  |  | 395 | 488c9966529abe9c59adb64b6b82106581c69d9f
f | bin | bin | tensorgpu | 755 |  |  | 1209 | 31437adec4daebb8e9aaf3b0fee135f1b5b49e78
f | bin | bin | tokencount.py | 755 |  |  | 2831 | 104124637338b633bfc4369e5c919cf39e8efbb9
f | bin | bin | torch-test | 755 |  |  | 656 | c25bc144b14725ac69d6918b17876b78cfbd30bc
f | bin | bin | torch_torture.py | 755 |  |  | 7541 | ca2f8afa27450fc74248258df2dfc28e41d0659d
f | bin | bin | torchamp | 755 |  |  | 724 | 88e556163c153b72fa1cfe1bfdd264ee3104e623
f | bin | bin | torchbench | 755 |  |  | 1435 | a9e03bb113953edb49d424c1f627ed873de048c3
f | bin | bin | torchprof | 755 |  |  | 1544 | 0e1d1482cd52f587fc0e8d92082ad17e077479bd
f | bin | bin | torchtime | 755 |  |  | 1389 | 54a4dcdd6ac16189f2be61f8d71ed46ab3fdd312
f | bin | bin | vinfo | 755 |  |  | 4789 | 9997bdc1649925c2ee46d15235d504d7bba64a03
f | bin | bin | warehouse.sh | 755 |  |  | 3211 | 7ef782147dacf52bcdcf6f1cd7464a1fe8b14e11
f | bin/shinclude | bin/shinclude | config_lib.sh | 755 |  |  | 13329 | dc1e1fdcc3618f5b245ec371ea558956e551808a
f | bin/shinclude | bin/shinclude | errno_lib.sh | 755 |  |  | 15802 | 44a30c69c34eb235f4f34c6d2f69dea323fe4a32
f | bin/shinclude | bin/shinclude | helpsys_lib.sh | 755 |  |  | 33245 | 702bf632896fcecc4659e90fc10c41363c7e57d1
f | bin/shinclude | bin/shinclude | init_lib.sh | 755 |  |  | 6724 | e822fc9d70227ec60804a2946892fb21135ad619
f | bin/shinclude | bin/shinclude | string_lib.sh | 755 |  |  | 8707 | 0b538dc5f5991cc496c976da36e864c613c25944
f | bin/shinclude | bin/shinclude | type_lib.sh | 755 |  |  | 8175 | 71ae47b30f6d06e3f9de2e29174ff0e59e6cba3f
f | bin/shinclude | bin/shinclude | util_lib.sh | 755 |  |  | 12627 | 29ffe800c02b0486225f12cd79e9eb2f5e16a14a
f | bin/shinclude | bin/shinclude | venv_lib.sh | 755 |  |  | 30367 | 9a96d837b738917439becf2d5639261a1b4de300
f | bin/shinclude | bin/shinclude | venvutil_lib.sh | 755 |  |  | 3155 | 9a77e8caa2fe8c340b08b5dfe613ecb7464fad18
f | bin/shinclude | bin/shinclude | wrapper_lib.sh | 755 |  |  | 10889 | 6957028637e368e3411a5f307e9d80b017831bca
f | conf | conf | config-a | 755 |  |  | 10167 | 3b7bbdf007f090ccecba521ef654708ec1e4ec8c
f | conf | conf | config-a.sh | 755 |  |  | 10167 | 3b7bbdf007f090ccecba521ef654708ec1e4ec8c
f | conf | conf | config-b.sh | 755 |  |  | 8038 | 8f3a0adf7b6004ae381846c3ba64b318ad8ed707
f | conf | conf | config-c.sh | 755 |  |  | 8099 | 5b7423ad2aeddede103ed2663edf6bfee831838b
f | conf | conf | config-conda.sh | 755 |  |  | 8327 | d1d3242828e47f6afced190ee9c9785f8484ffa5
f | conf | conf | config-d.sh | 755 |  |  | 7944 | bbb47fcd1d56bc5934b5975a1eb94f71c4068722
f | conf | conf | config-webui-macOS.sh | 755 |  |  | 7485 | 8ba93a91dfc5cc2ebc667bca8b125d00535a3191
f | conf | conf | config-webui.sh | 755 |  |  | 6114 | f5aeb3d99bafb6feec604f3544c8638cad240785
f | conf | conf | help_sys.conf | 644 |  |  | 419 | 29768a4c81029cba3a20ba8b147ad03b4013a9c5
f | docs | docs | BuildGraph.txt | 644 |  |  | 1562 | 79c4ad4cd934656babe97b3786dfb0311df89bdb
f | docs | docs | Documentation_Generation.md | 644 |  |  | 1811 | e8d40cdbf7e225fc94ab87d803cc1ea1140afdb8
f | docs | docs | Function_Doc_Templ.md | 644 |  |  | 1436 | 7948eb4a191d7ce56be65a10be0cbd38095ef1da
f | docs | docs | Metrics_Layout.md | 644 |  |  | 3153 | 37be3642c76c64f47f01ebe2e0addccabd441c91
f | docs | docs | Script_Doc_Templ.md | 644 |  |  | 3185 | 623eabdfb544a4f8cc00201d3939353df5961bf8
f | docs | docs | Standards.md | 644 |  |  | 2178 | 462100e67a60014c05bd60edb55564ed0bf45ab0
f | docs | docs | chat_tools.md | 644 |  |  | 2731 | c65cd177ab5a78b2bff8ef0a1c6e74d7be0657ab
f | docs | docs | chunk-offsets.md | 644 |  |  | 6475 | 7d053e1d9e4231ab5a0f2a62daec2c1a35231981
f | docs | docs | chunkfile.md | 644 |  |  | 2753 | 24e3d9f55746d43954899e65f5f7ca7c07713415
f | docs | docs | filetree.md | 644 |  |  | 4662 | b8b12e3e99c04c6431edf5afecba1294381cf848
f | docs | docs | generate_manifest.md | 644 |  |  | 3872 | 74ec5e5f34d840fbb32d2d03fa23151e7963313f
f | docs | docs | genmd.md | 644 |  |  | 15931 | 05debeaf580617d4d0d60670a9a258a9952f97cc
f | docs | docs | installer-manifest.md | 644 |  |  | 7085 | 470ae2c740a9414273fc9aacf01d154d02f93f45
f | docs | docs | migration_guide.md | 644 |  |  | 4393 | 20469c8f541cb8e8a7e6b3593c75669e134b62ea
f | docs | docs | numpybench.md | 644 |  |  | 2627 | 1e3ad54d8f4f2aaf34bdce6583c0d6901e94444e
f | docs | docs | performance_testing.md | 644 |  |  | 4664 | ef4e3e2e37838664cca906024865c97eef76c457
f | docs | docs | warehouse.md | 644 |  |  | 3039 | c7fe4ad3e74302516dafee83d8dd8cdabaa47886
f | docs/shdoc | docs/shdoc | AUTO_GENERATED_DO_NOT_MODIFY_OR_PLACE_FILES_HERE | 644 |  |  | 0 | da39a3ee5e6b4b0d3255bfef95601890afd80709
f | docs/shdoc | docs/shdoc | README.md | 644 |  |  | 1433 | 64b8b048710d3f61d2cf9b47e6f0dda506c3cf84
f | docs/shdoc/bin/shinclude | docs/shdoc/bin/shinclude | config_lib_sh.md | 644 |  |  | 998 | 211d57622b2434b894a52fcbc1dd4cb001d7f6fc
f | docs/shdoc/bin/shinclude | docs/shdoc/bin/shinclude | errno_lib_sh.md | 644 |  |  | 1300 | 1320fc002a95d4e6d8c3090a26e95a765d58a785
f | docs/shdoc/bin/shinclude | docs/shdoc/bin/shinclude | helpsys_lib_sh.md | 644 |  |  | 2872 | be9f60380d22fb722e0c807348d2ab925b16bad7
f | docs/shdoc/bin/shinclude | docs/shdoc/bin/shinclude | init_lib_sh.md | 644 |  |  | 711 | b6072edf28bcb87482df6bdd45accaf22e2a3f1b
f | docs/shdoc/bin/shinclude | docs/shdoc/bin/shinclude | string_lib_sh.md | 644 |  |  | 1040 | 42c8bfbd752fe123c0725ac6036a0fec4b175b89
f | docs/shdoc/bin/shinclude | docs/shdoc/bin/shinclude | type_lib_sh.md | 644 |  |  | 783 | a8c23cbe3aa07f52185f2140ecfa4b33a9d2b8f3
f | docs/shdoc/bin/shinclude | docs/shdoc/bin/shinclude | util_lib_sh.md | 644 |  |  | 1047 | 2944612c28afe39b283ecfa94c606faad51c82aa
f | docs/shdoc/bin/shinclude | docs/shdoc/bin/shinclude | venv_lib_sh.md | 644 |  |  | 1907 | cbd9acf5fe6a1b2239849c33501c07e82f418a3b
f | docs/shdoc/bin/shinclude | docs/shdoc/bin/shinclude | venvutil_lib_sh.md | 644 |  |  | 494 | d74a22cd49eb27a0c43ee42a11d8c73c592d4f7c
f | docs/shdoc/bin/shinclude | docs/shdoc/bin/shinclude | wrapper_lib_sh.md | 644 |  |  | 882 | f54d8fb48de7db1baa8cb501f15041579611234c
f | docs/shdoc/bin/shinclude/functions | docs/shdoc/bin/shinclude/functions | __set_venv_vars.md | 644 |  |  | 651 | 2c07ece1d35f8f69993c5f519020ccefebfd9e1d
f | docs/shdoc/bin/shinclude/functions | docs/shdoc/bin/shinclude/functions | __venv_conda_check.md | 644 |  |  | 820 | 3291bdb1d896056e37ff51d533a1e4c2d5a2ee40
f | docs/shdoc/bin/shinclude/functions | docs/shdoc/bin/shinclude/functions | _deprecated.md | 644 |  |  | 656 | f4a326480d867eddad879152d8db807fcf4239a5
f | docs/shdoc/bin/shinclude/functions | docs/shdoc/bin/shinclude/functions | _source_check.md | 644 |  |  | 315 | 3a26cb1e24133c7247e114c5ab1109ac8b04e078
f | docs/shdoc/bin/shinclude/functions | docs/shdoc/bin/shinclude/functions | benv.md | 644 |  |  | 1320 | b2cc9ad8a9504c15362ef715f73b97135b7583b8
f | docs/shdoc/bin/shinclude/functions | docs/shdoc/bin/shinclude/functions | cact.md | 644 |  |  | 789 | ec7bf627730b09c018b8ee9b7b6c22fc0752c263
f | docs/shdoc/bin/shinclude/functions | docs/shdoc/bin/shinclude/functions | ccln.md | 644 |  |  | 1033 | 28f9738e7032abd4442885e4d59bc72af2642506
f | docs/shdoc/bin/shinclude/functions | docs/shdoc/bin/shinclude/functions | check_lib.md | 644 |  |  | 813 | 3713d6b68012a9f2b30ee640a8f24f597f8436dd
f | docs/shdoc/bin/shinclude/functions | docs/shdoc/bin/shinclude/functions | colortext.md | 644 |  |  | 887 | 871310d2a433e211034a2a2f5c90fddd99a39715
f | docs/shdoc/bin/shinclude/functions | docs/shdoc/bin/shinclude/functions | dact.md | 644 |  |  | 661 | a02629536743ee86ff18cc9973419deac45c5110
f | docs/shdoc/bin/shinclude/functions | docs/shdoc/bin/shinclude/functions | denv.md | 644 |  |  | 769 | dbd5d663678280b1814dc31ed509fb0ea03e9689
f | docs/shdoc/bin/shinclude/functions | docs/shdoc/bin/shinclude/functions | do_wrapper.md | 644 |  |  | 825 | 7198aaf4eaa767a6fa48cbda05c0644d3cbe1ff5
f | docs/shdoc/bin/shinclude/functions | docs/shdoc/bin/shinclude/functions | docs_base_path.md | 644 |  |  | 670 | ce0bb904a798a9c1266e13585316cbcf782464ab
f | docs/shdoc/bin/shinclude/functions | docs/shdoc/bin/shinclude/functions | errfind.md | 644 |  |  | 841 | 015dab85ee3b604a783ac480aec2163f801f6101
f | docs/shdoc/bin/shinclude/functions | docs/shdoc/bin/shinclude/functions | errno.md | 644 |  |  | 1060 | 46ba3a18bef4dbbfc7743a281b7308bfb5ce138a
f | docs/shdoc/bin/shinclude/functions | docs/shdoc/bin/shinclude/functions | errno_exit.md | 644 |  |  | 1270 | 8892e1dc88a8ae1a7d353909196ac15dd8dba97b
f | docs/shdoc/bin/shinclude/functions | docs/shdoc/bin/shinclude/functions | errno_warn.md | 644 |  |  | 1268 | 28b94ba22636babe200ed7741a6461e268a08350
f | docs/shdoc/bin/shinclude/functions | docs/shdoc/bin/shinclude/functions | errval.md | 644 |  |  | 1065 | 75345463eb14a0715f7a16110f6a1c2a8ce3b354
f | docs/shdoc/bin/shinclude/functions | docs/shdoc/bin/shinclude/functions | escape_string.md | 644 |  |  | 770 | 3ad418e810dee6fea5803a86954505baa9454b53
f | docs/shdoc/bin/shinclude/functions | docs/shdoc/bin/shinclude/functions | expand_variable.md | 644 |  |  | 741 | 6979a9f5e018c59082a672dfa9a47bcb30ba8f01
f | docs/shdoc/bin/shinclude/functions | docs/shdoc/bin/shinclude/functions | function_description.md | 644 |  |  | 754 | 0b9dacdf4c01bb2efb6e0c11e93d3c4e76422e2e
f | docs/shdoc/bin/shinclude/functions | docs/shdoc/bin/shinclude/functions | general_help.md | 644 |  |  | 683 | ef4f3b054c5040d5089ecd9910b1aa499ca3b69d
f | docs/shdoc/bin/shinclude/functions | docs/shdoc/bin/shinclude/functions | generate_markdown.md | 644 |  |  | 739 | be22a1f4a31548f8f2b7905b18908938d3855325
f | docs/shdoc/bin/shinclude/functions | docs/shdoc/bin/shinclude/functions | get_function_hash.md | 644 |  |  | 745 | c2235ff2088dde4464349d617795f2d6d0aa719b
f | docs/shdoc/bin/shinclude/functions | docs/shdoc/bin/shinclude/functions | get_script_readme_file.md | 644 |  |  | 829 | fdcd0b7cc1cf49af1d850aca6d3d947dc6886cca
f | docs/shdoc/bin/shinclude/functions | docs/shdoc/bin/shinclude/functions | get_system_readme_file.md | 644 |  |  | 785 | af01c212af3769410787060e48d369063944a367
f | docs/shdoc/bin/shinclude/functions | docs/shdoc/bin/shinclude/functions | handle_variable.md | 644 |  |  | 1256 | cf8a5d5f5bb1efd345fd5f84e3c155628785de84
f | docs/shdoc/bin/shinclude/functions | docs/shdoc/bin/shinclude/functions | help_functions.md | 644 |  |  | 867 | 2f0e29cb0e8e59dbec6d66a3b90d7d7b0ac42ffe
f | docs/shdoc/bin/shinclude/functions | docs/shdoc/bin/shinclude/functions | help_scripts.md | 644 |  |  | 650 | 6e118d62e01f597bf15ea926ff5522b8a78e4f6e
f | docs/shdoc/bin/shinclude/functions | docs/shdoc/bin/shinclude/functions | init_help_system.md | 644 |  |  | 986 | 822ae3e07bbe3a0716ae8423a053cb8427cbdd23
f | docs/shdoc/bin/shinclude/functions | docs/shdoc/bin/shinclude/functions | lastenv.md | 644 |  |  | 698 | d60f6e2b43c448755df97ed2d58fea301834b702
f | docs/shdoc/bin/shinclude/functions | docs/shdoc/bin/shinclude/functions | lenv.md | 644 |  |  | 1596 | 5a467a1fc1624b22c529f6edf2cbdd59ef686904
f | docs/shdoc/bin/shinclude/functions | docs/shdoc/bin/shinclude/functions | load_pkg_config.md | 644 |  |  | 1857 | 9f06e051c0ad868bf89130e93f394679ed970199
f | docs/shdoc/bin/shinclude/functions | docs/shdoc/bin/shinclude/functions | log_message.md | 644 |  |  | 1288 | db7d1ef72e247331a73c8acc3778f556e682bcd8
f | docs/shdoc/bin/shinclude/functions | docs/shdoc/bin/shinclude/functions | nenv.md | 644 |  |  | 1017 | d2c7d78fd0f7d3479149a19aead34508bfe004af
f | docs/shdoc/bin/shinclude/functions | docs/shdoc/bin/shinclude/functions | next_step.md | 644 |  |  | 953 | a9f3385e05c38532dad6a801f6f23fc727b2ccb3
f | docs/shdoc/bin/shinclude/functions | docs/shdoc/bin/shinclude/functions | pact.md | 644 |  |  | 712 | e4f4f6680ab6c1248ddb95266c0bc22c87ff21c5
f | docs/shdoc/bin/shinclude/functions | docs/shdoc/bin/shinclude/functions | parse_manifest_metadata.md | 644 |  |  | 754 | b95e60bff28d7eaa3351f794371ede37c477e375
f | docs/shdoc/bin/shinclude/functions | docs/shdoc/bin/shinclude/functions | pip.md | 644 |  |  | 756 | 26fe9d3ade6eeea24d037f233dbb556dc9848fc7
f | docs/shdoc/bin/shinclude/functions | docs/shdoc/bin/shinclude/functions | pkg_config_vars.md | 644 |  |  | 654 | fc9d26a1120257de0d16e1f453c75a5994315e7c
f | docs/shdoc/bin/shinclude/functions | docs/shdoc/bin/shinclude/functions | pop_stack.md | 644 |  |  | 780 | b9beda746672b9d6d8d7e30887518a7ad7495b5a
f | docs/shdoc/bin/shinclude/functions | docs/shdoc/bin/shinclude/functions | pop_venv.md | 644 |  |  | 656 | aacd704d80b372c8124663eaa0dd392d2bb91d21
f | docs/shdoc/bin/shinclude/functions | docs/shdoc/bin/shinclude/functions | process_scripts.md | 644 |  |  | 788 | 34fcd7b37a7603262a22ab2dadfbd79c31bccfe0
f | docs/shdoc/bin/shinclude/functions | docs/shdoc/bin/shinclude/functions | ptree.md | 644 |  |  | 813 | 5e4d9a1df7efdb16038b91f65b5552d5d0b05346
f | docs/shdoc/bin/shinclude/functions | docs/shdoc/bin/shinclude/functions | push_stack.md | 644 |  |  | 808 | 032b3d6b57f567d4c90dd840211e0c64f67b0c07
f | docs/shdoc/bin/shinclude/functions | docs/shdoc/bin/shinclude/functions | push_venv.md | 644 |  |  | 653 | bcb4dbf7410d545bebc388be75ef76c89fda3746
f | docs/shdoc/bin/shinclude/functions | docs/shdoc/bin/shinclude/functions | renv.md | 644 |  |  | 831 | 554b5e4566a65d9e5227393f45452d2aa5ee3115
f | docs/shdoc/bin/shinclude/functions | docs/shdoc/bin/shinclude/functions | sanitize.md | 644 |  |  | 873 | 03e2555b471345f129a12808753de3bf1a1d25da
f | docs/shdoc/bin/shinclude/functions | docs/shdoc/bin/shinclude/functions | script_description.md | 644 |  |  | 734 | 3dc0a2943ac5012d7c457432f89d33e62c29649d
f | docs/shdoc/bin/shinclude/functions | docs/shdoc/bin/shinclude/functions | set_debug.md | 644 |  |  | 898 | 35abd0ae120319af44fa7ef543089dbefe8f3c15
f | docs/shdoc/bin/shinclude/functions | docs/shdoc/bin/shinclude/functions | set_variable.md | 644 |  |  | 1110 | 73929494d5c45f5a9b4081a58022dfd5f1c988f5
f | docs/shdoc/bin/shinclude/functions | docs/shdoc/bin/shinclude/functions | snum.md | 644 |  |  | 660 | 6a4cbb90544f342265258cc7452ae64f3d17c812
f | docs/shdoc/bin/shinclude/functions | docs/shdoc/bin/shinclude/functions | sort_2d_array.md | 644 |  |  | 1319 | 14509770bcf2c00cc9b4c178e44a89d2ed63ce05
f | docs/shdoc/bin/shinclude/functions | docs/shdoc/bin/shinclude/functions | source_lib.md | 644 |  |  | 1377 | 31739025902d0b1ea613374324250b31217a4f62
f | docs/shdoc/bin/shinclude/functions | docs/shdoc/bin/shinclude/functions | specific_function_help.md | 644 |  |  | 857 | 08a5b95f2154a2af3ef37f1c5e166c88180a8d87
f | docs/shdoc/bin/shinclude/functions | docs/shdoc/bin/shinclude/functions | specific_script_help.md | 644 |  |  | 844 | f47782a6d851846ca76ae2bffa815a126dfabb02
f | docs/shdoc/bin/shinclude/functions | docs/shdoc/bin/shinclude/functions | stack_op.md | 644 |  |  | 946 | 91fee0a46d72da6abf3699c65e5b3b6d418408b2
f | docs/shdoc/bin/shinclude/functions | docs/shdoc/bin/shinclude/functions | stringclean.md | 644 |  |  | 758 | b7f022e4ad949793079faac3675d2488f4507d6f
f | docs/shdoc/bin/shinclude/functions | docs/shdoc/bin/shinclude/functions | strip_space.md | 644 |  |  | 740 | 1cc085afed2d227f7ca790c8419355304804957e
f | docs/shdoc/bin/shinclude/functions | docs/shdoc/bin/shinclude/functions | to_upper.md | 644 |  |  | 644 | f86ec895edf10add071008666be58b4df9bbf395
f | docs/shdoc/bin/shinclude/functions | docs/shdoc/bin/shinclude/functions | var_type.md | 644 |  |  | 829 | 8932e3542ae3a6d9d171c7cef40f736d3df95664
f | docs/shdoc/bin/shinclude/functions | docs/shdoc/bin/shinclude/functions | vdiff.md | 644 |  |  | 871 | 3c46de23ac56034e4d18700f0ca29a8e7006e17f
f | docs/shdoc/bin/shinclude/functions | docs/shdoc/bin/shinclude/functions | vdsc.md | 644 |  |  | 626 | e481c0ac196e0310cd64949042276497b85edf68
f | docs/shdoc/bin/shinclude/functions | docs/shdoc/bin/shinclude/functions | vhelp.md | 644 |  |  | 789 | 3c53291cb8c01615976167839592a8713218482a
f | docs/shdoc/bin/shinclude/functions | docs/shdoc/bin/shinclude/functions | vnum.md | 644 |  |  | 619 | 56531508b007406f8f06f4c7ade9f201e748fff2
f | docs/shdoc/bin/shinclude/functions | docs/shdoc/bin/shinclude/functions | vpfx.md | 644 |  |  | 611 | c33ce5d043ea53c97aeb84d86c8ac8ae67b2d380
f | docs/shdoc/bin/shinclude/functions | docs/shdoc/bin/shinclude/functions | vren.md | 644 |  |  | 907 | 9cf1140c447c230cf0a6337efdc487895aadaa21
f | docs/shdoc/bin/shinclude/functions | docs/shdoc/bin/shinclude/functions | write_config.md | 644 |  |  | 795 | 5609d88cca8adcc1aec9403c5c7d30310604a581
f | docs/shdoc/bin/shinclude/functions | docs/shdoc/bin/shinclude/functions | write_function_doc.md | 644 |  |  | 827 | 935e7740a863b26aed4a6ab1b9a5766692409735
f | docs/shdoc/bin/shinclude/functions | docs/shdoc/bin/shinclude/functions | write_page_footer.md | 644 |  |  | 752 | ea9fd61c64868f94a2f61cc90c0d16ae6f18ab9d
f | docs/shdoc/bin/shinclude/functions | docs/shdoc/bin/shinclude/functions | write_script_doc.md | 644 |  |  | 911 | 4f82bca84b6001e4b5726d075885aef6e75c51a6
f | docs/shdoc/bin/shinclude/functions | docs/shdoc/bin/shinclude/functions | write_script_function_entry.md | 644 |  |  | 886 | df58e5873877e39e7814f30c734af87f1912dc2d
f | docs/shdoc/bin/shinclude/functions | docs/shdoc/bin/shinclude/functions | write_script_readme_header.md | 644 |  |  | 945 | 7d95e49569cac39afe0c7d91228a9792a6a82b1e
f | docs/shdoc/bin/shinclude/functions | docs/shdoc/bin/shinclude/functions | write_system_readme_entry.md | 644 |  |  | 877 | 8256d542162073ce2161ad8a22a4a356650e1e58
f | docs/shdoc/bin/shinclude/functions | docs/shdoc/bin/shinclude/functions | write_system_readme_header.md | 644 |  |  | 778 | 8b2a3eac82e75ceb1a8ab510ddd870dcd23a73ba
f | docs/shdoc/bin/shinclude/functions | docs/shdoc/bin/shinclude/functions | write_table_footer.md | 644 |  |  | 737 | 97044e0a8c3a7732fefbfcc0694020694c9bb2ef
f | docs/shdoc/bin/shinclude/functions | docs/shdoc/bin/shinclude/functions | zero_pad.md | 644 |  |  | 1031 | 5fc4f78999f03d623b1173644865ad0c5ab7bf0c
f | docs/shdoc/bin/shinclude/scripts | docs/shdoc/bin/shinclude/scripts | config_lib.sh.md | 644 |  |  | 1885 | c4a9052799b75c1eda3cfe717df2f38976c394b8
f | docs/shdoc/bin/shinclude/scripts | docs/shdoc/bin/shinclude/scripts | errno_lib.sh.md | 644 |  |  | 1042 | 3c70ec776f13d4d231266f81f6156f50ddd2af5f
f | docs/shdoc/bin/shinclude/scripts | docs/shdoc/bin/shinclude/scripts | helpsys_lib.sh.md | 644 |  |  | 1248 | c013c91c7d3366129fa7c0579a60b0486fd3620c
f | docs/shdoc/bin/shinclude/scripts | docs/shdoc/bin/shinclude/scripts | init_lib.sh.md | 644 |  |  | 1727 | d00c49f507ec83d4c27e49d9dd09c86a247ef5b9
f | docs/shdoc/bin/shinclude/scripts | docs/shdoc/bin/shinclude/scripts | string_lib.sh.md | 644 |  |  | 856 | 7b47be3cc20058180b64ed8d65d2a252876a06da
f | docs/shdoc/bin/shinclude/scripts | docs/shdoc/bin/shinclude/scripts | type_lib.sh.md | 644 |  |  | 898 | 716e83f85b310b802c098df9861802b5678e32b6
f | docs/shdoc/bin/shinclude/scripts | docs/shdoc/bin/shinclude/scripts | util_lib.sh.md | 644 |  |  | 1408 | 5316a27940caee2d97cfaeea0dc47df9aa95c3a2
f | docs/shdoc/bin/shinclude/scripts | docs/shdoc/bin/shinclude/scripts | venv_lib.sh.md | 644 |  |  | 2900 | 63e7b9cf98133c88fba5410805562f5ac7428b0d
f | docs/shdoc/bin/shinclude/scripts | docs/shdoc/bin/shinclude/scripts | venvutil_lib.sh.md | 644 |  |  | 2028 | 8be3c1ab9aa95d453cfb759f16b8e2fee0412e03
f | docs/shdoc/bin/shinclude/scripts | docs/shdoc/bin/shinclude/scripts | wrapper_lib.sh.md | 644 |  |  | 1322 | 5f3551a370888ed04e4154e52e4d6fec74675d04
f | modules | modules | conda-install.sh | 644 |  |  | 1494 | b9d60252174be34023013a06897184db09e68664
l | bin | chunkfile.py | chunkfile | 755 |  |  | 12 | 
l | bin | extract_chat.py | extract-chat | 755 |  |  | 15 | 
l | bin | filetree.py | filetree | 755 |  |  | 11 | 
l | bin | generate_manifest.sh | generate_manifest | 755 |  |  | 20 | 
l | bin | numpy-comp.sh | numpy-comp | 755 |  |  | 13 | 
l | bin | rename-chat.py | rename-chat | 755 |  |  | 14 | 
l | bin | tokencount.py | tokencount | 755 |  |  | 13 | 
l | bin | warehouse.sh | recall | 755 |  |  | 12 | 
l | bin | warehouse.sh | warehouse | 755 |  |  | 12 | 
