# This file uses pipe-separated fields
d |  |  | bin | 755 |  |  | 1344 | 
d |  |  | conf | 755 |  |  | 352 | 
d |  |  | docs | 755 |  |  | 800 | 
d |  |  | modules | 755 |  |  | 128 | 
d | bin | bin | shinclude | 755 |  |  | 416 | 
d | docs | docs | shdoc | 755 |  |  | 224 | 
d | docs/shdoc | docs/shdoc | bin | 755 |  |  | 128 | 
d | docs/shdoc/bin | docs/shdoc/bin | shinclude | 755 |  |  | 480 | 
d | docs/shdoc/bin/shinclude | docs/shdoc/bin/shinclude | functions | 755 |  |  | 2880 | 
d | docs/shdoc/bin/shinclude | docs/shdoc/bin/shinclude | scripts | 755 |  |  | 384 | 
f |  |  | LICENSE | 644 |  |  | 11362 | fbb090d446bc51f5b8611e8c59bddf5447f155e2
f |  |  | README.md | 644 |  |  | 18954 | 171a7160809cfce2920b7e8793227b5230b443e9
f |  |  | requirements-build.txt | 644 |  |  | 185 | 5befca95d85d0ff6665950e90a120accc77f2dd4
f |  |  | requirements.txt | 644 |  |  | 193 | 3464773d7b6781d5d4445e5b3cf50f4c4c38053b
f |  |  | setup.sh | 755 |  |  | 5378 | bd8ff8919da804fcd268b07441d0ec3a3738ca12
f |  | setup | manifest.lst | 644 |  |  | 4611 | 
f |  | setup | setup.cf | 644 |  |  | 1171 | bec2e80be3fdc361b0837cb30137097245372ffb
f | bin | bin | buildvenvs | 755 |  |  | 15033 | f6b06def5460f5a76d338bc3f0e37482b963b0f6
f | bin | bin | chunkfile.py | 755 |  |  | 10145 | 0a01ef11ecf02df91b1802f346d9578731e9bd19
f | bin | bin | compare_test | 755 |  |  | 1446 | 2af66cb27d06860e6cfe78574b80aea07a30e322
f | bin | bin | extract_chat.py | 755 |  |  | 33944 | 937a0e24ba6263edc40e56d9564c8a77e4527ff5
f | bin | bin | filetree.py | 755 |  |  | 20466 | c833eabf0129771ea660193a8fbbeb9d1ea579f2
f | bin | bin | filter-vm_stat | 755 |  |  | 2606 | 7eccba1613a50f1be68e3bb026328766a349ef61
f | bin | bin | generate_manifest.sh | 755 |  |  | 7754 | 367555476ffce85fea62dd2bb1ab094835a611fb
f | bin | bin | genmd | 755 |  |  | 43150 | 880897d3ff4aaf4a34eb4a1e4e7baa5d80c77d84
f | bin | bin | ld | 755 |  |  | 2697 | 61e28d8e54ae13b00d6c8f7e0cb4e01bc768b798
f | bin | bin | numpy_torture.py | 755 |  |  | 5006 | b74789f9f4739141bae59d35b7ea1e210ff65b12
f | bin | bin | numpy-comp.sh | 755 |  |  | 3119 | a38c30c32d1b35283a6154cd4af97e9bddc07a52
f | bin | bin | numpybench | 755 |  |  | 3937 | ff389a083a1ce3fa2ff1f48bbd206bd178991ed5
f | bin | bin | numpyprof | 755 |  |  | 1579 | fe821ae6a607ff116a9ae9f9abc8483125cdfcac
f | bin | bin | numpytime | 755 |  |  | 1423 | 14349c95f754bc9260a2bf6d4a84b1b6f1126336
f | bin | bin | purgevenv | 755 |  |  | 917 | 7203a065dc5ed9fae2581f4debfaf76b4c411fbd
f | bin | bin | rename-chat.py | 755 |  |  | 7824 | 83ceed47b2d6ae440d64b845cef02ef06cc4f8db
f | bin | bin | runbench | 755 |  |  | 777 | b24f94142dbbbcb1fd0c8f6b5ccf82b72d8dbcee
f | bin | bin | stressgpu | 755 |  |  | 395 | 488c9966529abe9c59adb64b6b82106581c69d9f
f | bin | bin | tensorgpu | 755 |  |  | 1209 | 31437adec4daebb8e9aaf3b0fee135f1b5b49e78
f | bin | bin | tokencount.py | 755 |  |  | 3578 | 98ccd70cff547f34376433f0162f0652e70d967b
f | bin | bin | torch_torture.py | 755 |  |  | 7541 | ca2f8afa27450fc74248258df2dfc28e41d0659d
f | bin | bin | torch-test | 755 |  |  | 656 | c25bc144b14725ac69d6918b17876b78cfbd30bc
f | bin | bin | torchamp | 755 |  |  | 724 | 88e556163c153b72fa1cfe1bfdd264ee3104e623
f | bin | bin | torchbench | 755 |  |  | 1435 | a9e03bb113953edb49d424c1f627ed873de048c3
f | bin | bin | torchprof | 755 |  |  | 1544 | 0e1d1482cd52f587fc0e8d92082ad17e077479bd
f | bin | bin | torchtime | 755 |  |  | 1389 | 54a4dcdd6ac16189f2be61f8d71ed46ab3fdd312
f | bin | bin | vinfo | 755 |  |  | 4789 | 9997bdc1649925c2ee46d15235d504d7bba64a03
f | bin | bin | warehouse.sh | 755 |  |  | 3211 | 7ef782147dacf52bcdcf6f1cd7464a1fe8b14e11
f | bin/shinclude | bin/shinclude | config_lib.sh | 755 |  |  | 17281 | 141775eb9fa92934a8f5baf7c6b31c000002133d
f | bin/shinclude | bin/shinclude | errno_lib.sh | 755 |  |  | 21577 | 032a52e7a1d619ae0d26b801e0b425ec2df2c0a0
f | bin/shinclude | bin/shinclude | helpsys_lib.sh | 755 |  |  | 36218 | 05a1e5f40ad83dfd277bda9d333e8bc8c13c7773
f | bin/shinclude | bin/shinclude | init_lib.sh | 755 |  |  | 6724 | e822fc9d70227ec60804a2946892fb21135ad619
f | bin/shinclude | bin/shinclude | string_lib.sh | 755 |  |  | 8716 | e878fe04732200d5a6c2daeb15fcc1349337fab9
f | bin/shinclude | bin/shinclude | type_lib.sh | 755 |  |  | 10369 | b9387d6c4b556d71de0130f26ac350b1a53d62da
f | bin/shinclude | bin/shinclude | util_lib.sh | 755 |  |  | 12052 | fd9249dea17c5bd83d14dbc699c39d2250f19e21
f | bin/shinclude | bin/shinclude | venv_lib.sh | 755 |  |  | 32654 | d248f5aedcae22b3300f1b1a2e814b4d09031ee9
f | bin/shinclude | bin/shinclude | venvutil_lib.sh | 755 |  |  | 3155 | 9a77e8caa2fe8c340b08b5dfe613ecb7464fad18
f | bin/shinclude | bin/shinclude | wrapper_lib.sh | 755 |  |  | 12724 | 785b3753bace623198a54b4946f2d7f119bbb58d
f | conf | conf | config-a | 755 |  |  | 10167 | 3b7bbdf007f090ccecba521ef654708ec1e4ec8c
f | conf | conf | config-a.sh | 755 |  |  | 10167 | 3b7bbdf007f090ccecba521ef654708ec1e4ec8c
f | conf | conf | config-b.sh | 755 |  |  | 8038 | 8f3a0adf7b6004ae381846c3ba64b318ad8ed707
f | conf | conf | config-c.sh | 755 |  |  | 8099 | 5b7423ad2aeddede103ed2663edf6bfee831838b
f | conf | conf | config-conda.sh | 755 |  |  | 8327 | d1d3242828e47f6afced190ee9c9785f8484ffa5
f | conf | conf | config-d.sh | 755 |  |  | 7944 | bbb47fcd1d56bc5934b5975a1eb94f71c4068722
f | conf | conf | config-webui-macOS.sh | 755 |  |  | 7485 | 8ba93a91dfc5cc2ebc667bca8b125d00535a3191
f | conf | conf | config-webui.sh | 755 |  |  | 6114 | f5aeb3d99bafb6feec604f3544c8638cad240785
f | conf | conf | help_sys.conf | 644 |  |  | 419 | 29768a4c81029cba3a20ba8b147ad03b4013a9c5
f | docs | docs | BuildGraph.txt | 644 |  |  | 1562 | 79c4ad4cd934656babe97b3786dfb0311df89bdb
f | docs | docs | chat_tools.md | 644 |  |  | 2731 | c65cd177ab5a78b2bff8ef0a1c6e74d7be0657ab
f | docs | docs | chunk-offsets.md | 644 |  |  | 6475 | 7d053e1d9e4231ab5a0f2a62daec2c1a35231981
f | docs | docs | chunkfile.md | 644 |  |  | 3247 | 02442603e0f5515e910590ca90484f2cbd38fe1b
f | docs | docs | Documentation_Generation.md | 644 |  |  | 1811 | e8d40cdbf7e225fc94ab87d803cc1ea1140afdb8
f | docs | docs | extract_chat.md | 644 |  |  | 3147 | a6ca21fcbd8c5d0d081e50d85336a86363d29030
f | docs | docs | filetree.md | 644 |  |  | 6191 | d91e9f3d8843b3aa2474024a5148ce33ac60974d
f | docs | docs | Function_Doc_Templ.md | 644 |  |  | 1436 | 7948eb4a191d7ce56be65a10be0cbd38095ef1da
f | docs | docs | generate_manifest.md | 644 |  |  | 3906 | b5ed091ecb5545abcf4cc5240985ee3ac9a90101
f | docs | docs | genmd.md | 644 |  |  | 15974 | 546347887b5f61d777df49a63893fc2b00adabd4
f | docs | docs | installer-manifest.md | 644 |  |  | 7260 | 94b33f889287f5181695f34068594a0f04896a25
f | docs | docs | Metrics_Layout.md | 644 |  |  | 3153 | 37be3642c76c64f47f01ebe2e0addccabd441c91
f | docs | docs | migration_guide.md | 644 |  |  | 4393 | 20469c8f541cb8e8a7e6b3593c75669e134b62ea
f | docs | docs | NLTK_Installation_Documents.md | 644 |  |  | 4609 | 0b0c15bf9fd5339405f31918e4b42a060a8587c0
f | docs | docs | numpy-comp.md | 644 |  |  | 2854 | 57560b88c3769047be9f268ec7f4663d2f282c21
f | docs | docs | numpybench.md | 644 |  |  | 2627 | 1e3ad54d8f4f2aaf34bdce6583c0d6901e94444e
f | docs | docs | performance_testing.md | 644 |  |  | 4664 | ef4e3e2e37838664cca906024865c97eef76c457
f | docs | docs | rename-chat.md | 644 |  |  | 3209 | 4a7fcda5a880549b0ff24f1afcad98982e2b2ee0
f | docs | docs | Script_Doc_Templ.md | 644 |  |  | 3185 | 623eabdfb544a4f8cc00201d3939353df5961bf8
f | docs | docs | Standards.md | 644 |  |  | 2240 | da44d4a15ef86ac98bdf64f9892e6547bf633b0e
f | docs | docs | warehouse.md | 644 |  |  | 3039 | c7fe4ad3e74302516dafee83d8dd8cdabaa47886
f | docs/shdoc | docs/shdoc | AUTO_GENERATED_DO_NOT_MODIFY_OR_PLACE_FILES_HERE | 644 |  |  | 0 | da39a3ee5e6b4b0d3255bfef95601890afd80709
f | docs/shdoc | docs/shdoc | README.md | 644 |  |  | 1505 | 800e29458b082f262308e4fa8e71aad9b4788b3c
f | docs/shdoc/bin/shinclude | docs/shdoc/bin/shinclude | config_lib_sh.md | 644 |  |  | 1244 | 7aa677b5a9fb7d0bb3a6e918eeeb81ecc4d9bd6d
f | docs/shdoc/bin/shinclude | docs/shdoc/bin/shinclude | errno_lib_sh.md | 644 |  |  | 1393 | d278a058ba5f9ee8318f1870e5df4b87a5985d23
f | docs/shdoc/bin/shinclude | docs/shdoc/bin/shinclude | helpsys_lib_sh.md | 644 |  |  | 3047 | d2df80d9e247ce28c8f6a6678ea6afbcd6d34eb5
f | docs/shdoc/bin/shinclude | docs/shdoc/bin/shinclude | init_lib_sh.md | 644 |  |  | 789 | 56ae0868b19357a91079785b664949c7a138cfb0
f | docs/shdoc/bin/shinclude | docs/shdoc/bin/shinclude | string_lib_sh.md | 644 |  |  | 1112 | b36b4285a53f57f34ca6aad200f2b37ae88a94b3
f | docs/shdoc/bin/shinclude | docs/shdoc/bin/shinclude | type_lib_sh.md | 644 |  |  | 1045 | 75fa335213dad4b818bae45bd9786376adbe9be7
f | docs/shdoc/bin/shinclude | docs/shdoc/bin/shinclude | util_lib_sh.md | 644 |  |  | 1119 | 3695a9de9cbb397abc7272e640d0dcdccb715537
f | docs/shdoc/bin/shinclude | docs/shdoc/bin/shinclude | venv_lib_sh.md | 644 |  |  | 2247 | 4b0055e79d46cf27dcb1621d7f8bf147b17bf563
f | docs/shdoc/bin/shinclude | docs/shdoc/bin/shinclude | venvutil_lib_sh.md | 644 |  |  | 566 | 171837751b6f853f3242fbe4c5cf0c4ecf2be228
f | docs/shdoc/bin/shinclude | docs/shdoc/bin/shinclude | wrapper_lib_sh.md | 644 |  |  | 1204 | 577eed4b18bbe1113d6e62a9ba2fe4ed744a14e1
f | docs/shdoc/bin/shinclude/functions | docs/shdoc/bin/shinclude/functions | __helpsys_parse_options.md | 644 |  |  | 1258 | a090010652c6560ef8738493fe81872328e02960
f | docs/shdoc/bin/shinclude/functions | docs/shdoc/bin/shinclude/functions | __lenv_parse_option.md | 644 |  |  | 327 | 30083fe540bc76a410d47c4a8a83b17f5d570659
f | docs/shdoc/bin/shinclude/functions | docs/shdoc/bin/shinclude/functions | __set_venv_vars.md | 644 |  |  | 657 | ce8a1666d059b4b44043b67db71e37ea508153a1
f | docs/shdoc/bin/shinclude/functions | docs/shdoc/bin/shinclude/functions | __venv_conda_check.md | 644 |  |  | 826 | f2a55c323c9e552fd3adfa34d0250b1e0efb011e
f | docs/shdoc/bin/shinclude/functions | docs/shdoc/bin/shinclude/functions | __vpmg_parse_option.md | 644 |  |  | 327 | 9a8cf4d9cdc4860447f7e27de0d4ca2513a6079e
f | docs/shdoc/bin/shinclude/functions | docs/shdoc/bin/shinclude/functions | _deprecated.md | 644 |  |  | 662 | 8797153b548f9dc2da5891c90407eb7319796966
f | docs/shdoc/bin/shinclude/functions | docs/shdoc/bin/shinclude/functions | _errno_fallback_lookup.md | 644 |  |  | 475 | ca3a4caa878638f51e0a0010c3e7de165e260c73
f | docs/shdoc/bin/shinclude/functions | docs/shdoc/bin/shinclude/functions | _source_check.md | 644 |  |  | 321 | bc5f99de40f4a84e1cb535aa597f78567513083f
f | docs/shdoc/bin/shinclude/functions | docs/shdoc/bin/shinclude/functions | benv.md | 644 |  |  | 1326 | 9a2f58fdcd4b3914f424faa42b49a7897336e84e
f | docs/shdoc/bin/shinclude/functions | docs/shdoc/bin/shinclude/functions | cact.md | 644 |  |  | 795 | 7c9ba196a952c0581bba9f6877f7e499ce135be4
f | docs/shdoc/bin/shinclude/functions | docs/shdoc/bin/shinclude/functions | ccln.md | 644 |  |  | 1039 | a490f09bd1e8a9cb469cec250f1dddf565e24a60
f | docs/shdoc/bin/shinclude/functions | docs/shdoc/bin/shinclude/functions | check_directory.md | 644 |  |  | 475 | 02afe087ac29dd0362203a4ec785fb9924df7f04
f | docs/shdoc/bin/shinclude/functions | docs/shdoc/bin/shinclude/functions | check_lib.md | 644 |  |  | 819 | 7c13fb834f203512cafa5e2f1722e764da8a7982
f | docs/shdoc/bin/shinclude/functions | docs/shdoc/bin/shinclude/functions | colortext.md | 644 |  |  | 893 | 9b6be3809a99a42e94bc30165c009f33f4970581
f | docs/shdoc/bin/shinclude/functions | docs/shdoc/bin/shinclude/functions | dact.md | 644 |  |  | 667 | c85afa391c67d1ea0fa2e803ac5ae1e9ab619148
f | docs/shdoc/bin/shinclude/functions | docs/shdoc/bin/shinclude/functions | denv.md | 644 |  |  | 775 | 39a6887bd159f577042e70d5bcb9c8452e24847d
f | docs/shdoc/bin/shinclude/functions | docs/shdoc/bin/shinclude/functions | do_wrapper.md | 644 |  |  | 831 | 9b7c61558267e4feb5b8f471e1c8797d8b20c4c5
f | docs/shdoc/bin/shinclude/functions | docs/shdoc/bin/shinclude/functions | docs_base_path.md | 644 |  |  | 676 | 98415fb445cd92ccfff062e4016f2cc1ae48cbe1
f | docs/shdoc/bin/shinclude/functions | docs/shdoc/bin/shinclude/functions | dump_config.md | 644 |  |  | 1425 | ad281f94b66ed44db27872896c31d12560008d34
f | docs/shdoc/bin/shinclude/functions | docs/shdoc/bin/shinclude/functions | errfind.md | 644 |  |  | 847 | 7e29d8004734554a3e1a38e20c0af22b7b49c532
f | docs/shdoc/bin/shinclude/functions | docs/shdoc/bin/shinclude/functions | errno_exit.md | 644 |  |  | 1276 | 74c440b9663f8740155e8b79bf502a18c6280af9
f | docs/shdoc/bin/shinclude/functions | docs/shdoc/bin/shinclude/functions | errno_warn.md | 644 |  |  | 1274 | 6a63a11dec1d6fcbee644111a44ae0119d8e2838
f | docs/shdoc/bin/shinclude/functions | docs/shdoc/bin/shinclude/functions | errno.md | 644 |  |  | 315 | b6c5adef57d051686e235b038110ae31ed89f6c4
f | docs/shdoc/bin/shinclude/functions | docs/shdoc/bin/shinclude/functions | errval.md | 644 |  |  | 1071 | 844ee008032d6b25c4da965bf2796e43b20a380a
f | docs/shdoc/bin/shinclude/functions | docs/shdoc/bin/shinclude/functions | escape_string.md | 644 |  |  | 776 | ce9c4dcb229137726a71430dda42c3319a9f139f
f | docs/shdoc/bin/shinclude/functions | docs/shdoc/bin/shinclude/functions | expand_variable.md | 644 |  |  | 747 | 09d067676d03213129d7f849597c7cac2500bb86
f | docs/shdoc/bin/shinclude/functions | docs/shdoc/bin/shinclude/functions | function_description.md | 644 |  |  | 760 | 5cc7072e504b108bac121e8c0d86420ed6e33075
f | docs/shdoc/bin/shinclude/functions | docs/shdoc/bin/shinclude/functions | general_help.md | 644 |  |  | 689 | c178a2b2da8dfe417f59161d1a967e44640c61a0
f | docs/shdoc/bin/shinclude/functions | docs/shdoc/bin/shinclude/functions | generate_markdown.md | 644 |  |  | 745 | d5299d4f4c2e07edd3917917af066b46cfe69cd9
f | docs/shdoc/bin/shinclude/functions | docs/shdoc/bin/shinclude/functions | get_function_hash.md | 644 |  |  | 751 | bdedb56ed48f9115e176a3347cfb9fe16e7dfc73
f | docs/shdoc/bin/shinclude/functions | docs/shdoc/bin/shinclude/functions | get_script_readme_file.md | 644 |  |  | 835 | ab6a6e2b57084194c12df04dfa48c5131cee6787
f | docs/shdoc/bin/shinclude/functions | docs/shdoc/bin/shinclude/functions | get_system_readme_file.md | 644 |  |  | 791 | 6d972aa59b358053a171ff8f768d053a99bec154
f | docs/shdoc/bin/shinclude/functions | docs/shdoc/bin/shinclude/functions | get_venv_name_from_args.md | 644 |  |  | 859 | 4e9a2e52ec3fda2d671bd7cc9a2949e9e5318612
f | docs/shdoc/bin/shinclude/functions | docs/shdoc/bin/shinclude/functions | handle_variable.md | 644 |  |  | 1262 | d441f31f3d8edd073724d5ffd87a87a2d76b2e35
f | docs/shdoc/bin/shinclude/functions | docs/shdoc/bin/shinclude/functions | help_functions.md | 644 |  |  | 873 | 6c5d72cc08df2267afa0cbade304575a13812d89
f | docs/shdoc/bin/shinclude/functions | docs/shdoc/bin/shinclude/functions | help_scripts.md | 644 |  |  | 656 | 5a21947bfded22a106c3eccf1f4255fb51afbbf8
f | docs/shdoc/bin/shinclude/functions | docs/shdoc/bin/shinclude/functions | init_help_system.md | 644 |  |  | 992 | 96598e40aada079824d53f7700a764bea5da2f6d
f | docs/shdoc/bin/shinclude/functions | docs/shdoc/bin/shinclude/functions | lastenv.md | 644 |  |  | 704 | 3fbb723c883ef7efa576686764e2b63c903b5695
f | docs/shdoc/bin/shinclude/functions | docs/shdoc/bin/shinclude/functions | lenv.md | 644 |  |  | 1602 | 9b92a508c940e06ab879a9202c78a923228d5274
f | docs/shdoc/bin/shinclude/functions | docs/shdoc/bin/shinclude/functions | load_config.md | 644 |  |  | 1982 | a22f16a6d1d64c8b79db398bbf679f8efdc812ff
f | docs/shdoc/bin/shinclude/functions | docs/shdoc/bin/shinclude/functions | log_message.md | 644 |  |  | 321 | d2081914cddb53c87e575033c9a54bd613506185
f | docs/shdoc/bin/shinclude/functions | docs/shdoc/bin/shinclude/functions | nenv.md | 644 |  |  | 1023 | 8f51f51115de28316af56741fc09b5fe21c1e5c4
f | docs/shdoc/bin/shinclude/functions | docs/shdoc/bin/shinclude/functions | next_step.md | 644 |  |  | 959 | 8a481b019126321a3cee48ca51bee4a96eb70bed
f | docs/shdoc/bin/shinclude/functions | docs/shdoc/bin/shinclude/functions | pact.md | 644 |  |  | 718 | ef25f93673dfba457379fb41549d2e283eade32d
f | docs/shdoc/bin/shinclude/functions | docs/shdoc/bin/shinclude/functions | parse_manifest_metadata.md | 644 |  |  | 760 | c27909da39878f9323a32f8ed7851fef4706140a
f | docs/shdoc/bin/shinclude/functions | docs/shdoc/bin/shinclude/functions | pip.md | 644 |  |  | 762 | f756e74be645f670fca92cf8e6d4848eeae0a8ee
f | docs/shdoc/bin/shinclude/functions | docs/shdoc/bin/shinclude/functions | pkg_config_vars.md | 644 |  |  | 660 | 9876a9b38d1935ff2ead6292c95fd3c1fb7f34bf
f | docs/shdoc/bin/shinclude/functions | docs/shdoc/bin/shinclude/functions | pop_stack.md | 644 |  |  | 786 | ef5e51e8bdcc69159174fdc579f8f9197abf0f28
f | docs/shdoc/bin/shinclude/functions | docs/shdoc/bin/shinclude/functions | pop_venv.md | 644 |  |  | 662 | c1f7179c38c7b8fba43336038003a87249bd97c5
f | docs/shdoc/bin/shinclude/functions | docs/shdoc/bin/shinclude/functions | process_scripts.md | 644 |  |  | 794 | 5ce9ed7245296cc34a0ea8d10ee1a6d0a384b64d
f | docs/shdoc/bin/shinclude/functions | docs/shdoc/bin/shinclude/functions | ptree.md | 644 |  |  | 819 | 37a20e833f5ea92092d51066cb35ea68b8508dc0
f | docs/shdoc/bin/shinclude/functions | docs/shdoc/bin/shinclude/functions | push_stack.md | 644 |  |  | 814 | 0a20623cf8324635b2605537564b9201a423086b
f | docs/shdoc/bin/shinclude/functions | docs/shdoc/bin/shinclude/functions | push_venv.md | 644 |  |  | 659 | c8801e54025e3af5d8ce2e9d0336b722d07717c0
f | docs/shdoc/bin/shinclude/functions | docs/shdoc/bin/shinclude/functions | remove_duplicates.md | 644 |  |  | 702 | d8bad5cc89031383e20f6708be77a9b0b9d9bdd4
f | docs/shdoc/bin/shinclude/functions | docs/shdoc/bin/shinclude/functions | renv.md | 644 |  |  | 837 | de1979b1151db6ba0fbb98e111425f27e8a9344a
f | docs/shdoc/bin/shinclude/functions | docs/shdoc/bin/shinclude/functions | sanitize.md | 644 |  |  | 879 | fa9498a730d593ba0c36bc30477a4485e33adf93
f | docs/shdoc/bin/shinclude/functions | docs/shdoc/bin/shinclude/functions | script_description.md | 644 |  |  | 740 | e5cfb200e1c744be43e5d5bfedb6db6507b71dae
f | docs/shdoc/bin/shinclude/functions | docs/shdoc/bin/shinclude/functions | set_debug.md | 644 |  |  | 904 | 3acb90e766400867ff48616ce749387ae6bfe5e9
f | docs/shdoc/bin/shinclude/functions | docs/shdoc/bin/shinclude/functions | set_variable.md | 644 |  |  | 1116 | 7aa00c79a31c45ec1fa02486d53c1567e2cb31a7
f | docs/shdoc/bin/shinclude/functions | docs/shdoc/bin/shinclude/functions | snum.md | 644 |  |  | 666 | a7ab3da956f8bac549199dc916594cf2b7e81ec2
f | docs/shdoc/bin/shinclude/functions | docs/shdoc/bin/shinclude/functions | sort_2d_array.md | 644 |  |  | 1325 | 60a867e4f617af3cbf23c404006ef68ceccd9c42
f | docs/shdoc/bin/shinclude/functions | docs/shdoc/bin/shinclude/functions | source_lib.md | 644 |  |  | 1383 | 9860fdf7bbda6ff18dd3629fd50b78236883eda9
f | docs/shdoc/bin/shinclude/functions | docs/shdoc/bin/shinclude/functions | specific_function_help.md | 644 |  |  | 863 | 4a2a0947b20bade04cdd17618c007ad1633df4c9
f | docs/shdoc/bin/shinclude/functions | docs/shdoc/bin/shinclude/functions | specific_script_help.md | 644 |  |  | 850 | b4f6c17450663454b87c1f6ddc2018c30b5ea1ce
f | docs/shdoc/bin/shinclude/functions | docs/shdoc/bin/shinclude/functions | stack_op.md | 644 |  |  | 952 | 0da4396796ca5aba8dcf4896855ff38ce9eb7ed2
f | docs/shdoc/bin/shinclude/functions | docs/shdoc/bin/shinclude/functions | stringclean.md | 644 |  |  | 764 | 7f65d9356504e1da6b733d1130c2fe1fa5a4835c
f | docs/shdoc/bin/shinclude/functions | docs/shdoc/bin/shinclude/functions | strip_space.md | 644 |  |  | 746 | d63531dd5fdda167ba449fa9d818c5813e14400c
f | docs/shdoc/bin/shinclude/functions | docs/shdoc/bin/shinclude/functions | to_upper.md | 644 |  |  | 650 | 9459d6a9cbab9ea85b5dd9b8aa72088287d20478
f | docs/shdoc/bin/shinclude/functions | docs/shdoc/bin/shinclude/functions | update_variable.md | 644 |  |  | 1024 | 14dc9793953f8a13c43067f33439d2277bae5da6
f | docs/shdoc/bin/shinclude/functions | docs/shdoc/bin/shinclude/functions | var_type.md | 644 |  |  | 835 | 66caeb6a3dc8c34699a86c9d50bf03c68143207f
f | docs/shdoc/bin/shinclude/functions | docs/shdoc/bin/shinclude/functions | vdiff.md | 644 |  |  | 877 | 28bde7c427f46f100a2fea9c3d2dc63969a1890f
f | docs/shdoc/bin/shinclude/functions | docs/shdoc/bin/shinclude/functions | vdsc.md | 644 |  |  | 632 | 83b81f1d0107fd27fd7e154e8fe57b29a0bba339
f | docs/shdoc/bin/shinclude/functions | docs/shdoc/bin/shinclude/functions | venv_operation_log.md | 644 |  |  | 1194 | e5b56494655fc5e65ca6e81a343c72935397b826
f | docs/shdoc/bin/shinclude/functions | docs/shdoc/bin/shinclude/functions | vhelp.md | 644 |  |  | 795 | 54521fe94b630f5d646635f8392aafdc634e6079
f | docs/shdoc/bin/shinclude/functions | docs/shdoc/bin/shinclude/functions | vnum.md | 644 |  |  | 625 | f916875769ebe5f73e198524ea40d59ca6153d3f
f | docs/shdoc/bin/shinclude/functions | docs/shdoc/bin/shinclude/functions | vpfx.md | 644 |  |  | 617 | 1f827f96f78ba0abb7efba35bb2d04d6f7b7eecd
f | docs/shdoc/bin/shinclude/functions | docs/shdoc/bin/shinclude/functions | vpmg.md | 644 |  |  | 1657 | 4639bd08b5c34955251daa328599e88d7452480d
f | docs/shdoc/bin/shinclude/functions | docs/shdoc/bin/shinclude/functions | vren.md | 644 |  |  | 913 | f0bb0dcdd99d8be5227aa9ee0a82a665cd6c7575
f | docs/shdoc/bin/shinclude/functions | docs/shdoc/bin/shinclude/functions | write_config.md | 644 |  |  | 1466 | a9dcca46f12c5fcf19a2cb54bd5cb06eb340560f
f | docs/shdoc/bin/shinclude/functions | docs/shdoc/bin/shinclude/functions | write_function_doc.md | 644 |  |  | 833 | 75527c27df8663cfba52466f187662bd3a21517a
f | docs/shdoc/bin/shinclude/functions | docs/shdoc/bin/shinclude/functions | write_page_footer.md | 644 |  |  | 758 | 31c2c7adf038e2941b2a555004a702ed53680992
f | docs/shdoc/bin/shinclude/functions | docs/shdoc/bin/shinclude/functions | write_script_doc.md | 644 |  |  | 917 | d803f248a99dd4e1693fb7ad54955a29f00570de
f | docs/shdoc/bin/shinclude/functions | docs/shdoc/bin/shinclude/functions | write_script_function_entry.md | 644 |  |  | 892 | 5f909d50152d54beef0713becd043382e42b1a61
f | docs/shdoc/bin/shinclude/functions | docs/shdoc/bin/shinclude/functions | write_script_readme_header.md | 644 |  |  | 951 | 25fc2eec2b010d2a96620093323d7ef26d73237c
f | docs/shdoc/bin/shinclude/functions | docs/shdoc/bin/shinclude/functions | write_system_readme_entry.md | 644 |  |  | 883 | 55c4bff7f083f42b4467f74af02cb7db51761050
f | docs/shdoc/bin/shinclude/functions | docs/shdoc/bin/shinclude/functions | write_system_readme_header.md | 644 |  |  | 784 | 6d912f7d333c2e29a86fc3202ffa283e1aa61d37
f | docs/shdoc/bin/shinclude/functions | docs/shdoc/bin/shinclude/functions | write_table_footer.md | 644 |  |  | 743 | d9940df74d092b50f7375094ddb724c9a00a0aa2
f | docs/shdoc/bin/shinclude/functions | docs/shdoc/bin/shinclude/functions | zero_pad.md | 644 |  |  | 1037 | 34a0f0a1dfb58a1d6eafb65182522082bbc8495c
f | docs/shdoc/bin/shinclude/scripts | docs/shdoc/bin/shinclude/scripts | config_lib.sh.md | 644 |  |  | 1888 | 990078269bf704a47bbd4d27e8a2e3a39049da67
f | docs/shdoc/bin/shinclude/scripts | docs/shdoc/bin/shinclude/scripts | errno_lib.sh.md | 644 |  |  | 1045 | e0758cbb7e89dbec790f59ae037aff9cda66c772
f | docs/shdoc/bin/shinclude/scripts | docs/shdoc/bin/shinclude/scripts | helpsys_lib.sh.md | 644 |  |  | 1251 | ade6e1c5e7f71d4d3d4cede2488fc22129b678f7
f | docs/shdoc/bin/shinclude/scripts | docs/shdoc/bin/shinclude/scripts | init_lib.sh.md | 644 |  |  | 1730 | fbee375ae7c721a1a5ccf0536cb768e88f39db8a
f | docs/shdoc/bin/shinclude/scripts | docs/shdoc/bin/shinclude/scripts | string_lib.sh.md | 644 |  |  | 859 | a4c62e3ea289b7ed8d2fa345700416c4c5a61a17
f | docs/shdoc/bin/shinclude/scripts | docs/shdoc/bin/shinclude/scripts | type_lib.sh.md | 644 |  |  | 901 | 25a2e8b5ef6d6a55d6032e0677d8a156e95c88dc
f | docs/shdoc/bin/shinclude/scripts | docs/shdoc/bin/shinclude/scripts | util_lib.sh.md | 644 |  |  | 1411 | 3bb4445b6327476b2b911177ebe325c95f5eb046
f | docs/shdoc/bin/shinclude/scripts | docs/shdoc/bin/shinclude/scripts | venv_lib.sh.md | 644 |  |  | 2903 | c75debfe6761372f5abf87df737913f458de0777
f | docs/shdoc/bin/shinclude/scripts | docs/shdoc/bin/shinclude/scripts | venvutil_lib.sh.md | 644 |  |  | 2031 | 1e870ecafc37a45ebd32f571b31a176e112a15c1
f | docs/shdoc/bin/shinclude/scripts | docs/shdoc/bin/shinclude/scripts | wrapper_lib.sh.md | 644 |  |  | 1325 | 30bf97bf8243bb0c8b3d7eeada2eccb53b361537
f | modules | modules | conda-install.sh | 644 |  |  | 1494 | b9d60252174be34023013a06897184db09e68664
f | modules | modules | requirements-stdt.txt | 644 |  |  | 111 | c6028ad42de40f540c1310a09634bfb3a3a5326c
l | bin | chunkfile.py | chunkfile | 755 |  |  | 12 | 
l | bin | extract_chat.py | extract-chat | 755 |  |  | 15 | 
l | bin | filetree.py | filetree | 755 |  |  | 11 | 
l | bin | generate_manifest.sh | generate_manifest | 755 |  |  | 20 | 
l | bin | numpy-comp.sh | numpy-comp | 755 |  |  | 13 | 
l | bin | rename-chat.py | rename-chat | 755 |  |  | 14 | 
l | bin | tokencount.py | tokencount | 755 |  |  | 13 | 
l | bin | warehouse.sh | recall | 755 |  |  | 12 | 
l | bin | warehouse.sh | warehouse | 755 |  |  | 12 | 
